<?xml version="1.0" encoding="UTF-8"?>
<testsuite xmlns:xsi="http://www.w3.org/2001/XMLSchema-instance" xsi:noNamespaceSchemaLocation="https://maven.apache.org/surefire/maven-surefire-plugin/xsd/surefire-test-report.xsd" name="io.mb.oneweb.java.selenium.framework.cucumber.CucumberTest" time="0.214" tests="1" errors="1" skipped="0" failures="0">
  <properties>
[...]
</properties>
  <testcase name="initializationError" classname="io.mb.oneweb.java.selenium.framework.cucumber.CucumberTest" time="0.004">
    <error message="org/springframework/transaction/TransactionDefinition" type="java.lang.NoClassDefFoundError">java.lang.NoClassDefFoundError: org/springframework/transaction/TransactionDefinition
Caused by: java.lang.ClassNotFoundException: org.springframework.transaction.TransactionDefinition
</error>
  </testcase>
</testsuite>